INFO:root:start - {'game_on': True, 'alive': True, 'stench': True, 'breeze': True, 'glitter': False, 'bump': False, 'screech': False} 
|    |    |   P|    |
|    |    |    |    |
| W P|    |    |  GP|
|>   |    |   P|   P|

INFO:root:shoot - {'game_on': True, 'alive': True, 'stench': True, 'breeze': True, 'glitter': False, 'bump': False, 'screech': False} 
|    |    |   P|    |
|    |    |    |    |
| W P|    |    |  GP|
|>   |    |   P|   P|

INFO:root:forward - {'game_on': True, 'alive': True, 'stench': False, 'breeze': True, 'glitter': False, 'bump': False, 'screech': False} 
|    |    |   P|    |
|    |    |    |    |
| W P|    |    |  GP|
|    |>   |   P|   P|

INFO:root:turn_left - {'game_on': True, 'alive': True, 'stench': False, 'breeze': True, 'glitter': False, 'bump': False, 'screech': False} 
|    |    |   P|    |
|    |    |    |    |
| W P|    |    |  GP|
|    |^   |   P|   P|

INFO:root:turn_right - {'game_on': True, 'alive': True, 'stench': False, 'breeze': True, 'glitter': False, 'bump': False, 'screech': False} 
|    |    |   P|    |
|    |    |    |    |
| W P|    |    |  GP|
|    |>   |   P|   P|

INFO:root:grab - {'game_on': True, 'alive': True, 'stench': False, 'breeze': True, 'glitter': False, 'bump': False, 'screech': False} 
|    |    |   P|    |
|    |    |    |    |
| W P|    |    |  GP|
|    |>   |   P|   P|

INFO:root:grab - {'game_on': True, 'alive': True, 'stench': False, 'breeze': True, 'glitter': False, 'bump': False, 'screech': False} 
|    |    |   P|    |
|    |    |    |    |
| W P|    |    |  GP|
|    |>   |   P|   P|

INFO:root:turn_right - {'game_on': True, 'alive': True, 'stench': False, 'breeze': True, 'glitter': False, 'bump': False, 'screech': False} 
|    |    |   P|    |
|    |    |    |    |
| W P|    |    |  GP|
|    |v   |   P|   P|

INFO:root:grab - {'game_on': True, 'alive': True, 'stench': False, 'breeze': True, 'glitter': False, 'bump': False, 'screech': False} 
|    |    |   P|    |
|    |    |    |    |
| W P|    |    |  GP|
|    |v   |   P|   P|

INFO:root:forward - {'game_on': True, 'alive': True, 'stench': False, 'breeze': True, 'glitter': False, 'bump': True, 'screech': False} 
|    |    |   P|    |
|    |    |    |    |
| W P|    |    |  GP|
|    |v   |   P|   P|

INFO:root:turn_right - {'game_on': True, 'alive': True, 'stench': False, 'breeze': True, 'glitter': False, 'bump': False, 'screech': False} 
|    |    |   P|    |
|    |    |    |    |
| W P|    |    |  GP|
|    |<   |   P|   P|

